<?xml version="1.0" encoding="UTF-8"?>
<!-- Generated by org.testng.reporters.JUnitXMLReporter -->
<testsuite ignored="3" hostname="GGNS1LTE01105" failures="0" tests="2" name="Health Check for Readers" time="4.832" errors="0" timestamp="2023-08-08T15:35:50 IST">
  <testcase classname="BaseTest.session" name="doLogin" time="3.259"/>
  <testcase classname="LocationServices.Health.HealthReaderTestCases" name="ReaderHealthValidation" time="0.902"/>
  <testcase classname="BaseTest.session" name="doLogout" time="0.0">
    <ignored/>
  </testcase> <!-- doLogout -->
  <testcase classname="BaseTest.BaseTest" name="@AfterTest quit" time="0.0">
    <ignored/>
  </testcase> <!-- @AfterTest quit -->
  <testcase classname="BaseTest.BaseTest" name="@BeforeTest beforeTest" time="0.0">
    <ignored/>
  </testcase> <!-- @BeforeTest beforeTest -->
</testsuite> <!-- Health Check for Readers -->
