<?xml version="1.0" encoding="UTF-8"?>
<!-- Generated by org.testng.reporters.JUnitXMLReporter -->
<testsuite ignored="2" hostname="GGNS1LTE01105" failures="0" tests="2" name="Test" time="5.591" errors="0" timestamp="2023-08-03T14:50:47 IST">
  <testcase classname="BaseTest.session" name="doLogin" time="4.434"/>
  <testcase classname="LocationServices.Health.HealthReaderTestCases" name="ReaderHealthValidation" time="1.099"/>
  <testcase classname="BaseTest.session" name="doLogout" time="0.0">
    <ignored/>
  </testcase> <!-- doLogout -->
  <testcase classname="BaseTest.BaseTest" name="@BeforeTest beforeTest" time="0.0">
    <ignored/>
  </testcase> <!-- @BeforeTest beforeTest -->
</testsuite> <!-- Test -->
