<?xml version="1.0" encoding="UTF-8"?>
<testng-results ignored="3" total="5" passed="2" failed="0" skipped="0">
  <reporter-output>
  </reporter-output>
  <suite started-at="2023-08-08T15:35:45 IST" name="Suite" finished-at="2023-08-08T15:35:50 IST" duration-ms="4832">
    <groups>
    </groups>
    <test started-at="2023-08-08T15:35:45 IST" name="Health Check for Readers" finished-at="2023-08-08T15:35:50 IST" duration-ms="4832">
      <class name="BaseTest.session">
        <test-method is-config="true" signature="beforeTest(org.testng.ITestContext)[pri:0, instance:BaseTest.session@5fbdfdcf]" started-at="2023-08-08T15:35:45 IST" name="beforeTest" finished-at="2023-08-08T15:35:46 IST" duration-ms="177" status="PASS">
          <params>
            <param index="0">
              <value>
                <![CDATA[org.testng.TestRunner@7c214cc0]]>
              </value>
            </param>
          </params>
          <reporter-output>
          </reporter-output>
        </test-method> <!-- beforeTest -->
        <test-method is-config="true" signature="beforeMethod(org.testng.ITestContext)[pri:0, instance:BaseTest.session@5fbdfdcf]" started-at="2023-08-08T15:35:46 IST" name="beforeMethod" finished-at="2023-08-08T15:35:46 IST" duration-ms="1" status="PASS">
          <params>
            <param index="0">
              <value>
                <![CDATA[org.testng.TestRunner@7c214cc0]]>
              </value>
            </param>
          </params>
          <reporter-output>
          </reporter-output>
        </test-method> <!-- beforeMethod -->
        <test-method signature="doLogin(org.testng.ITestContext)[pri:0, instance:BaseTest.session@5fbdfdcf]" started-at="2023-08-08T15:35:46 IST" name="doLogin" finished-at="2023-08-08T15:35:49 IST" duration-ms="3259" status="PASS">
          <params>
            <param index="0">
              <value>
                <![CDATA[org.testng.TestRunner@7c214cc0]]>
              </value>
            </param>
          </params>
          <reporter-output>
          </reporter-output>
        </test-method> <!-- doLogin -->
        <test-method is-config="true" signature="quit()[pri:0, instance:BaseTest.session@5fbdfdcf]" started-at="2023-08-08T15:35:50 IST" name="quit" finished-at="2023-08-08T15:35:50 IST" duration-ms="465" status="PASS">
          <reporter-output>
          </reporter-output>
        </test-method> <!-- quit -->
      </class> <!-- BaseTest.session -->
      <class name="LocationServices.Health.HealthReaderTestCases">
        <test-method signature="ReaderHealthValidation()[pri:0, instance:LocationServices.Health.HealthReaderTestCases@bd4dc25]" started-at="2023-08-08T15:35:49 IST" name="ReaderHealthValidation" finished-at="2023-08-08T15:35:50 IST" duration-ms="902" status="PASS">
          <reporter-output>
          </reporter-output>
        </test-method> <!-- ReaderHealthValidation -->
        <test-method is-config="true" signature="beforeMethod(org.testng.ITestContext)[pri:0, instance:LocationServices.Health.HealthReaderTestCases@bd4dc25]" started-at="2023-08-08T15:35:49 IST" name="beforeMethod" finished-at="2023-08-08T15:35:49 IST" duration-ms="0" status="PASS">
          <params>
            <param index="0">
              <value>
                <![CDATA[org.testng.TestRunner@7c214cc0]]>
              </value>
            </param>
          </params>
          <reporter-output>
          </reporter-output>
        </test-method> <!-- beforeMethod -->
      </class> <!-- LocationServices.Health.HealthReaderTestCases -->
    </test> <!-- Health Check for Readers -->
  </suite> <!-- Suite -->
</testng-results>
